Analysis & Synthesis report for TopDE
Sat May 05 15:58:28 2018
Quartus Prime Version 17.1.0 Build 590 10/25/2017 SJ Lite Edition


---------------------
; Table of Contents ;
---------------------
  1. Legal Notice
  2. Analysis & Synthesis Summary
  3. Analysis & Synthesis Settings
  4. Parallel Compilation
  5. Analysis & Synthesis Messages



----------------
; Legal Notice ;
----------------
Copyright (C) 2017  Intel Corporation. All rights reserved.
Your use of Intel Corporation's design tools, logic functions 
and other software and tools, and its AMPP partner logic 
functions, and any output files from any of the foregoing 
(including device programming or simulation files), and any 
associated documentation or information are expressly subject 
to the terms and conditions of the Intel Program License 
Subscription Agreement, the Intel Quartus Prime License Agreement,
the Intel FPGA IP License Agreement, or other applicable license
agreement, including, without limitation, that your use is for
the sole purpose of programming logic devices manufactured by
Intel and sold by Intel or its authorized distributors.  Please
refer to the applicable agreement for further details.



+---------------------------------------------------------------------------+
; Analysis & Synthesis Summary                                              ;
+-----------------------------+---------------------------------------------+
; Analysis & Synthesis Status ; Failed - Sat May 05 15:58:28 2018           ;
; Quartus Prime Version       ; 17.1.0 Build 590 10/25/2017 SJ Lite Edition ;
; Revision Name               ; TopDE                                       ;
; Top-level Entity Name       ; mux1_2_v2_TB                                ;
; Family                      ; Cyclone V                                   ;
; Logic utilization (in ALMs) ; N/A until Partition Merge                   ;
; Total registers             ; N/A until Partition Merge                   ;
; Total pins                  ; N/A until Partition Merge                   ;
; Total virtual pins          ; N/A until Partition Merge                   ;
; Total block memory bits     ; N/A until Partition Merge                   ;
; Total PLLs                  ; N/A until Partition Merge                   ;
; Total DLLs                  ; N/A until Partition Merge                   ;
+-----------------------------+---------------------------------------------+


+---------------------------------------------------------------------------------------------------------------------------+
; Analysis & Synthesis Settings                                                                                             ;
+---------------------------------------------------------------------------------+--------------------+--------------------+
; Option                                                                          ; Setting            ; Default Value      ;
+---------------------------------------------------------------------------------+--------------------+--------------------+
; Device                                                                          ; 5CSEMA5F31C6       ;                    ;
; Top-level entity name                                                           ; mux1_2_v2_TB       ; TopDE              ;
; Family name                                                                     ; Cyclone V          ; Cyclone V          ;
; Use smart compilation                                                           ; On                 ; Off                ;
; VHDL Show LMF Mapping Messages                                                  ; Off                ;                    ;
; Verilog Show LMF Mapping Messages                                               ; Off                ;                    ;
; Verilog Version                                                                 ; SystemVerilog_2005 ; Verilog_2001       ;
; VHDL Version                                                                    ; VHDL_2008          ; VHDL_1993          ;
; Enable parallel Assembler and TimeQuest Timing Analyzer during compilation      ; On                 ; On                 ;
; Enable compact report table                                                     ; Off                ; Off                ;
; Restructure Multiplexers                                                        ; Auto               ; Auto               ;
; MLAB Add Timing Constraints For Mixed-Port Feed-Through Mode Setting Don't Care ; Off                ; Off                ;
; Create Debugging Nodes for IP Cores                                             ; Off                ; Off                ;
; Preserve fewer node names                                                       ; On                 ; On                 ;
; Intel FPGA IP Evaluation Mode                                                   ; Enable             ; Enable             ;
; State Machine Processing                                                        ; Auto               ; Auto               ;
; Safe State Machine                                                              ; Off                ; Off                ;
; Extract Verilog State Machines                                                  ; On                 ; On                 ;
; Extract VHDL State Machines                                                     ; On                 ; On                 ;
; Ignore Verilog initial constructs                                               ; Off                ; Off                ;
; Iteration limit for constant Verilog loops                                      ; 5000               ; 5000               ;
; Iteration limit for non-constant Verilog loops                                  ; 250                ; 250                ;
; Add Pass-Through Logic to Inferred RAMs                                         ; On                 ; On                 ;
; Infer RAMs from Raw Logic                                                       ; On                 ; On                 ;
; Parallel Synthesis                                                              ; On                 ; On                 ;
; DSP Block Balancing                                                             ; Auto               ; Auto               ;
; NOT Gate Push-Back                                                              ; On                 ; On                 ;
; Power-Up Don't Care                                                             ; On                 ; On                 ;
; Remove Redundant Logic Cells                                                    ; Off                ; Off                ;
; Remove Duplicate Registers                                                      ; On                 ; On                 ;
; Ignore CARRY Buffers                                                            ; Off                ; Off                ;
; Ignore CASCADE Buffers                                                          ; Off                ; Off                ;
; Ignore GLOBAL Buffers                                                           ; Off                ; Off                ;
; Ignore ROW GLOBAL Buffers                                                       ; Off                ; Off                ;
; Ignore LCELL Buffers                                                            ; Off                ; Off                ;
; Ignore SOFT Buffers                                                             ; On                 ; On                 ;
; Limit AHDL Integers to 32 Bits                                                  ; Off                ; Off                ;
; Optimization Technique                                                          ; Balanced           ; Balanced           ;
; Carry Chain Length                                                              ; 70                 ; 70                 ;
; Auto Carry Chains                                                               ; On                 ; On                 ;
; Auto Open-Drain Pins                                                            ; On                 ; On                 ;
; Perform WYSIWYG Primitive Resynthesis                                           ; Off                ; Off                ;
; Auto ROM Replacement                                                            ; On                 ; On                 ;
; Auto RAM Replacement                                                            ; On                 ; On                 ;
; Auto DSP Block Replacement                                                      ; On                 ; On                 ;
; Auto Shift Register Replacement                                                 ; Auto               ; Auto               ;
; Allow Shift Register Merging across Hierarchies                                 ; Auto               ; Auto               ;
; Auto Clock Enable Replacement                                                   ; On                 ; On                 ;
; Strict RAM Replacement                                                          ; Off                ; Off                ;
; Allow Synchronous Control Signals                                               ; On                 ; On                 ;
; Force Use of Synchronous Clear Signals                                          ; Off                ; Off                ;
; Auto Resource Sharing                                                           ; Off                ; Off                ;
; Allow Any RAM Size For Recognition                                              ; Off                ; Off                ;
; Allow Any ROM Size For Recognition                                              ; Off                ; Off                ;
; Allow Any Shift Register Size For Recognition                                   ; Off                ; Off                ;
; Use LogicLock Constraints during Resource Balancing                             ; On                 ; On                 ;
; Ignore translate_off and synthesis_off directives                               ; Off                ; Off                ;
; Timing-Driven Synthesis                                                         ; On                 ; On                 ;
; Report Parameter Settings                                                       ; On                 ; On                 ;
; Report Source Assignments                                                       ; On                 ; On                 ;
; Report Connectivity Checks                                                      ; On                 ; On                 ;
; Ignore Maximum Fan-Out Assignments                                              ; Off                ; Off                ;
; Synchronization Register Chain Length                                           ; 3                  ; 3                  ;
; Power Optimization During Synthesis                                             ; Normal compilation ; Normal compilation ;
; HDL message level                                                               ; Level2             ; Level2             ;
; Suppress Register Optimization Related Messages                                 ; Off                ; Off                ;
; Number of Removed Registers Reported in Synthesis Report                        ; 5000               ; 5000               ;
; Number of Swept Nodes Reported in Synthesis Report                              ; 5000               ; 5000               ;
; Number of Inverted Registers Reported in Synthesis Report                       ; 100                ; 100                ;
; Clock MUX Protection                                                            ; On                 ; On                 ;
; Auto Gated Clock Conversion                                                     ; Off                ; Off                ;
; Block Design Naming                                                             ; Auto               ; Auto               ;
; SDC constraint protection                                                       ; Off                ; Off                ;
; Synthesis Effort                                                                ; Auto               ; Auto               ;
; Shift Register Replacement - Allow Asynchronous Clear Signal                    ; On                 ; On                 ;
; Pre-Mapping Resynthesis Optimization                                            ; Off                ; Off                ;
; Analysis & Synthesis Message Level                                              ; Medium             ; Medium             ;
; Disable Register Merging Across Hierarchies                                     ; Auto               ; Auto               ;
; Resource Aware Inference For Block RAM                                          ; On                 ; On                 ;
; Automatic Parallel Synthesis                                                    ; On                 ; On                 ;
; Partial Reconfiguration Bitstream ID                                            ; Off                ; Off                ;
+---------------------------------------------------------------------------------+--------------------+--------------------+


+------------------------------------------+
; Parallel Compilation                     ;
+----------------------------+-------------+
; Processors                 ; Number      ;
+----------------------------+-------------+
; Number detected on machine ; 4           ;
; Maximum allowed            ; 2           ;
;                            ;             ;
; Average used               ; 1.00        ;
; Maximum used               ; 1           ;
;                            ;             ;
; Usage by Processor         ; % Time Used ;
;     Processor 1            ; 100.0%      ;
+----------------------------+-------------+


+-------------------------------+
; Analysis & Synthesis Messages ;
+-------------------------------+
Info: *******************************************************************
Info: Running Quartus Prime Analysis & Synthesis
    Info: Version 17.1.0 Build 590 10/25/2017 SJ Lite Edition
    Info: Processing started: Sat May 05 15:58:16 2018
Info: Command: quartus_map --read_settings_files=on --write_settings_files=off Multiplexadores -c TopDE
Warning (18236): Number of processors has not been specified which may cause overloading on shared machines.  Set the global assignment NUM_PARALLEL_PROCESSORS in your QSF to an appropriate value for best performance.
Info (20030): Parallel compilation is enabled and will use 2 of the 2 processors detected
Info (12021): Found 1 design units, including 1 entities, in source file mux1_2_tb.v
    Info (12023): Found entity 1: mux1_2_TB File: C:/Users/henri/TrabalhosOAC/Laboratorio_2/Lab2/Files/Multiplexadores/mux1_2_TB.v Line: 1
Info (12021): Found 1 design units, including 1 entities, in source file topde.v
    Info (12023): Found entity 1: TopDE File: C:/Users/henri/TrabalhosOAC/Laboratorio_2/Lab2/Files/Multiplexadores/TopDE.v Line: 5
Info (12021): Found 1 design units, including 1 entities, in source file mux1_2.v
    Info (12023): Found entity 1: mux1_2 File: C:/Users/henri/TrabalhosOAC/Laboratorio_2/Lab2/Files/Multiplexadores/mux1_2.v Line: 1
Info (12021): Found 1 design units, including 1 entities, in source file mux1_2a.v
    Info (12023): Found entity 1: mux1_2a File: C:/Users/henri/TrabalhosOAC/Laboratorio_2/Lab2/Files/Multiplexadores/mux1_2a.v Line: 1
Info (12021): Found 1 design units, including 1 entities, in source file mux1_4.v
    Info (12023): Found entity 1: mux1_4 File: C:/Users/henri/TrabalhosOAC/Laboratorio_2/Lab2/Files/Multiplexadores/mux1_4.v Line: 1
Info (12021): Found 1 design units, including 1 entities, in source file mux1_8.v
    Info (12023): Found entity 1: mux1_8 File: C:/Users/henri/TrabalhosOAC/Laboratorio_2/Lab2/Files/Multiplexadores/mux1_8.v Line: 1
Info (12021): Found 1 design units, including 1 entities, in source file mux12_2.v
    Info (12023): Found entity 1: mux12_2 File: C:/Users/henri/TrabalhosOAC/Laboratorio_2/Lab2/Files/Multiplexadores/mux12_2.v Line: 1
Info (12021): Found 1 design units, including 1 entities, in source file mux32_2.v
    Info (12023): Found entity 1: mux32_2 File: C:/Users/henri/TrabalhosOAC/Laboratorio_2/Lab2/Files/Multiplexadores/mux32_2.v Line: 1
Info (12021): Found 1 design units, including 1 entities, in source file mux32_8.v
    Info (12023): Found entity 1: mux32_8 File: C:/Users/henri/TrabalhosOAC/Laboratorio_2/Lab2/Files/Multiplexadores/mux32_8.v Line: 1
Info (12021): Found 1 design units, including 1 entities, in source file mux32_32.v
    Info (12023): Found entity 1: mux32_32 File: C:/Users/henri/TrabalhosOAC/Laboratorio_2/Lab2/Files/Multiplexadores/mux32_32.v Line: 1
Info (12021): Found 1 design units, including 1 entities, in source file mux32_32a.v
    Info (12023): Found entity 1: mux32_32a File: C:/Users/henri/TrabalhosOAC/Laboratorio_2/Lab2/Files/Multiplexadores/mux32_32a.v Line: 1
Warning (12090): Entity "mux" obtained from "mux.v" instead of from Quartus Prime megafunction library File: C:/Users/henri/TrabalhosOAC/Laboratorio_2/Lab2/Files/Multiplexadores/mux.v Line: 1
Info (12021): Found 1 design units, including 1 entities, in source file mux.v
    Info (12023): Found entity 1: mux File: C:/Users/henri/TrabalhosOAC/Laboratorio_2/Lab2/Files/Multiplexadores/mux.v Line: 1
Info (12021): Found 1 design units, including 1 entities, in source file mux1_2_v2_tb.v
    Info (12023): Found entity 1: mux1_2_v2_TB File: C:/Users/henri/TrabalhosOAC/Laboratorio_2/Lab2/Files/Multiplexadores/mux1_2_v2_TB.v Line: 1
Info (12127): Elaborating entity "mux1_2_v2_TB" for the top level hierarchy
Info (10648): Verilog HDL Display System Task info at mux1_2_v2_TB.v(18): Input = 0, Select = 0, Saida = 0 File: C:/Users/henri/TrabalhosOAC/Laboratorio_2/Lab2/Files/Multiplexadores/mux1_2_v2_TB.v Line: 18
Info (10648): Verilog HDL Display System Task info at mux1_2_v2_TB.v(23): Input = 1, Select = 0, Saida = 1 File: C:/Users/henri/TrabalhosOAC/Laboratorio_2/Lab2/Files/Multiplexadores/mux1_2_v2_TB.v Line: 23
Info (10648): Verilog HDL Display System Task info at mux1_2_v2_TB.v(28): Input = 2, Select = 0, Saida = 0 File: C:/Users/henri/TrabalhosOAC/Laboratorio_2/Lab2/Files/Multiplexadores/mux1_2_v2_TB.v Line: 28
Info (10648): Verilog HDL Display System Task info at mux1_2_v2_TB.v(33): Input = 3, Select = 0, Saida = 1 File: C:/Users/henri/TrabalhosOAC/Laboratorio_2/Lab2/Files/Multiplexadores/mux1_2_v2_TB.v Line: 33
Info (10648): Verilog HDL Display System Task info at mux1_2_v2_TB.v(40): Input = 0, Select = 1, Saida = 0 File: C:/Users/henri/TrabalhosOAC/Laboratorio_2/Lab2/Files/Multiplexadores/mux1_2_v2_TB.v Line: 40
Info (10648): Verilog HDL Display System Task info at mux1_2_v2_TB.v(45): Input = 1, Select = 1, Saida = 0 File: C:/Users/henri/TrabalhosOAC/Laboratorio_2/Lab2/Files/Multiplexadores/mux1_2_v2_TB.v Line: 45
Info (10648): Verilog HDL Display System Task info at mux1_2_v2_TB.v(50): Input = 2, Select = 1, Saida = 1 File: C:/Users/henri/TrabalhosOAC/Laboratorio_2/Lab2/Files/Multiplexadores/mux1_2_v2_TB.v Line: 50
Info (10648): Verilog HDL Display System Task info at mux1_2_v2_TB.v(55): Input = 3, Select = 1, Saida = 1 File: C:/Users/henri/TrabalhosOAC/Laboratorio_2/Lab2/Files/Multiplexadores/mux1_2_v2_TB.v Line: 55
Warning (12158): Entity "mux1_2_v2_TB" contains only dangling pins
Error (12061): Can't synthesize current design -- Top partition does not contain any logic
Error: Quartus Prime Analysis & Synthesis was unsuccessful. 1 error, 3 warnings
    Error: Peak virtual memory: 698 megabytes
    Error: Processing ended: Sat May 05 15:58:28 2018
    Error: Elapsed time: 00:00:12
    Error: Total CPU time (on all processors): 00:00:27


