Assembler report for ALU
Tue May 08 19:03:10 2018
Quartus Prime Version 17.1.0 Build 590 10/25/2017 SJ Lite Edition


---------------------
; Table of Contents ;
---------------------
  1. Legal Notice
  2. Assembler Summary
  3. Assembler Settings
  4. Assembler Generated Files
  5. Assembler Device Options: C:/Users/Cleibe/Documents/pdfs curso Ciencia da Computacao/OAC/laboratorios/laboratorio1/TrabalhosOAC/Laboratorio_2/Lab2/Files/ALU/output_files/ALU.sof
  6. Assembler Messages



----------------
; Legal Notice ;
----------------
Copyright (C) 2017  Intel Corporation. All rights reserved.
Your use of Intel Corporation's design tools, logic functions 
and other software and tools, and its AMPP partner logic 
functions, and any output files from any of the foregoing 
(including device programming or simulation files), and any 
associated documentation or information are expressly subject 
to the terms and conditions of the Intel Program License 
Subscription Agreement, the Intel Quartus Prime License Agreement,
the Intel FPGA IP License Agreement, or other applicable license
agreement, including, without limitation, that your use is for
the sole purpose of programming logic devices manufactured by
Intel and sold by Intel or its authorized distributors.  Please
refer to the applicable agreement for further details.



+---------------------------------------------------------------+
; Assembler Summary                                             ;
+-----------------------+---------------------------------------+
; Assembler Status      ; Successful - Tue May 08 19:03:10 2018 ;
; Revision Name         ; ALU                                   ;
; Top-level Entity Name ; TopDE                                 ;
; Family                ; Cyclone V                             ;
; Device                ; 5CSEMA5F31C6                          ;
+-----------------------+---------------------------------------+


+----------------------------------+
; Assembler Settings               ;
+--------+---------+---------------+
; Option ; Setting ; Default Value ;
+--------+---------+---------------+


+---------------------------------------------------------------------------------------------------------------------------------------------------------+
; Assembler Generated Files                                                                                                                               ;
+---------------------------------------------------------------------------------------------------------------------------------------------------------+
; File Name                                                                                                                                               ;
+---------------------------------------------------------------------------------------------------------------------------------------------------------+
; C:/Users/Cleibe/Documents/pdfs curso Ciencia da Computacao/OAC/laboratorios/laboratorio1/TrabalhosOAC/Laboratorio_2/Lab2/Files/ALU/output_files/ALU.sof ;
+---------------------------------------------------------------------------------------------------------------------------------------------------------+


+-----------------------------------------------------------------------------------------------------------------------------------------------------------------------------------+
; Assembler Device Options: C:/Users/Cleibe/Documents/pdfs curso Ciencia da Computacao/OAC/laboratorios/laboratorio1/TrabalhosOAC/Laboratorio_2/Lab2/Files/ALU/output_files/ALU.sof ;
+----------------+------------------------------------------------------------------------------------------------------------------------------------------------------------------+
; Option         ; Setting                                                                                                                                                          ;
+----------------+------------------------------------------------------------------------------------------------------------------------------------------------------------------+
; JTAG usercode  ; 0x0111D18D                                                                                                                                                       ;
; Checksum       ; 0x0111D18D                                                                                                                                                       ;
+----------------+------------------------------------------------------------------------------------------------------------------------------------------------------------------+


+--------------------+
; Assembler Messages ;
+--------------------+
Info: *******************************************************************
Info: Running Quartus Prime Assembler
    Info: Version 17.1.0 Build 590 10/25/2017 SJ Lite Edition
    Info: Processing started: Tue May 08 19:02:55 2018
Info: Command: quartus_asm --read_settings_files=off --write_settings_files=off ALU -c ALU
Info (115030): Assembler is generating device programming files
Info: Quartus Prime Assembler was successful. 0 errors, 0 warnings
    Info: Peak virtual memory: 745 megabytes
    Info: Processing ended: Tue May 08 19:03:10 2018
    Info: Elapsed time: 00:00:15
    Info: Total CPU time (on all processors): 00:00:12


